27-Oct-2023 14:35:59.045 정보 [main] org.apache.catalina.startup.VersionLoggerListener.log 서버 버전 이름:    Apache Tomcat/8.5.95
27-Oct-2023 14:35:59.056 정보 [main] org.apache.catalina.startup.VersionLoggerListener.log Server 빌드 시각:  Oct 12 2023 00:55:53 UTC
27-Oct-2023 14:35:59.057 정보 [main] org.apache.catalina.startup.VersionLoggerListener.log Server 버전 번호:  8.5.95.0
27-Oct-2023 14:35:59.057 정보 [main] org.apache.catalina.startup.VersionLoggerListener.log 운영체제 이름:     Mac OS X
27-Oct-2023 14:35:59.058 정보 [main] org.apache.catalina.startup.VersionLoggerListener.log 운영체제 버전:     14.0
27-Oct-2023 14:35:59.058 정보 [main] org.apache.catalina.startup.VersionLoggerListener.log 아키텍처:          x86_64
27-Oct-2023 14:35:59.058 정보 [main] org.apache.catalina.startup.VersionLoggerListener.log 자바 홈:           /Library/Java/JavaVirtualMachines/zulu-11.jdk/Contents/Home
27-Oct-2023 14:35:59.058 정보 [main] org.apache.catalina.startup.VersionLoggerListener.log JVM 버전:          11.0.15+10-LTS
27-Oct-2023 14:35:59.059 정보 [main] org.apache.catalina.startup.VersionLoggerListener.log JVM 벤더:          Azul Systems, Inc.
27-Oct-2023 14:35:59.059 정보 [main] org.apache.catalina.startup.VersionLoggerListener.log CATALINA_BASE:     /Users/tomatocho/JSP/apache-tomcat-8.5.95
27-Oct-2023 14:35:59.059 정보 [main] org.apache.catalina.startup.VersionLoggerListener.log CATALINA_HOME:     /Users/tomatocho/JSP/apache-tomcat-8.5.95
27-Oct-2023 14:35:59.060 정보 [main] org.apache.catalina.startup.VersionLoggerListener.log 명령 행 아규먼트:  --add-opens=java.base/java.lang=ALL-UNNAMED
27-Oct-2023 14:35:59.060 정보 [main] org.apache.catalina.startup.VersionLoggerListener.log 명령 행 아규먼트:  --add-opens=java.base/java.io=ALL-UNNAMED
27-Oct-2023 14:35:59.060 정보 [main] org.apache.catalina.startup.VersionLoggerListener.log 명령 행 아규먼트:  --add-opens=java.base/java.util=ALL-UNNAMED
27-Oct-2023 14:35:59.061 정보 [main] org.apache.catalina.startup.VersionLoggerListener.log 명령 행 아규먼트:  --add-opens=java.base/java.util.concurrent=ALL-UNNAMED
27-Oct-2023 14:35:59.061 정보 [main] org.apache.catalina.startup.VersionLoggerListener.log 명령 행 아규먼트:  --add-opens=java.rmi/sun.rmi.transport=ALL-UNNAMED
27-Oct-2023 14:35:59.061 정보 [main] org.apache.catalina.startup.VersionLoggerListener.log 명령 행 아규먼트:  -Djava.util.logging.config.file=/Users/tomatocho/JSP/apache-tomcat-8.5.95/conf/logging.properties
27-Oct-2023 14:35:59.061 정보 [main] org.apache.catalina.startup.VersionLoggerListener.log 명령 행 아규먼트:  -Djava.util.logging.manager=org.apache.juli.ClassLoaderLogManager
27-Oct-2023 14:35:59.062 정보 [main] org.apache.catalina.startup.VersionLoggerListener.log 명령 행 아규먼트:  -Djdk.tls.ephemeralDHKeySize=2048
27-Oct-2023 14:35:59.062 정보 [main] org.apache.catalina.startup.VersionLoggerListener.log 명령 행 아규먼트:  -Djava.protocol.handler.pkgs=org.apache.catalina.webresources
27-Oct-2023 14:35:59.062 정보 [main] org.apache.catalina.startup.VersionLoggerListener.log 명령 행 아규먼트:  -Dorg.apache.catalina.security.SecurityListener.UMASK=0027
27-Oct-2023 14:35:59.062 정보 [main] org.apache.catalina.startup.VersionLoggerListener.log 명령 행 아규먼트:  -Dignore.endorsed.dirs=
27-Oct-2023 14:35:59.062 정보 [main] org.apache.catalina.startup.VersionLoggerListener.log 명령 행 아규먼트:  -Dcatalina.base=/Users/tomatocho/JSP/apache-tomcat-8.5.95
27-Oct-2023 14:35:59.062 정보 [main] org.apache.catalina.startup.VersionLoggerListener.log 명령 행 아규먼트:  -Dcatalina.home=/Users/tomatocho/JSP/apache-tomcat-8.5.95
27-Oct-2023 14:35:59.063 정보 [main] org.apache.catalina.startup.VersionLoggerListener.log 명령 행 아규먼트:  -Djava.io.tmpdir=/Users/tomatocho/JSP/apache-tomcat-8.5.95/temp
27-Oct-2023 14:35:59.063 정보 [main] org.apache.catalina.core.AprLifecycleListener.lifecycleEvent 프로덕션 환경들에서 최적의 성능을 제공하는, APR 기반 Apache Tomcat Native 라이브러리가, 다음 java.library.path에서 발견되지 않습니다: [/Users/tomatocho/Library/Java/Extensions:/Library/Java/Extensions:/Network/Library/Java/Extensions:/System/Library/Java/Extensions:/usr/lib/java:.]
27-Oct-2023 14:35:59.117 정보 [main] org.apache.coyote.AbstractProtocol.init 프로토콜 핸들러 ["http-nio-8080"]을(를) 초기화합니다.
27-Oct-2023 14:35:59.167 정보 [main] org.apache.catalina.startup.Catalina.load Initialization processed in 844 ms
27-Oct-2023 14:35:59.252 정보 [main] org.apache.catalina.core.StandardService.startInternal 서비스 [Catalina]을(를) 시작합니다.
27-Oct-2023 14:35:59.252 정보 [main] org.apache.catalina.core.StandardEngine.startInternal 서버 엔진을 시작합니다: [Apache Tomcat/8.5.95]
27-Oct-2023 14:35:59.267 정보 [localhost-startStop-1] org.apache.catalina.startup.HostConfig.deployDirectory 웹 애플리케이션 디렉토리 [/Users/tomatocho/JSP/apache-tomcat-8.5.95/webapps/SpringBoot]을(를) 배치합니다.
27-Oct-2023 14:35:59.738 정보 [localhost-startStop-1] org.apache.catalina.startup.HostConfig.deployDirectory 웹 애플리케이션 디렉토리 [/Users/tomatocho/JSP/apache-tomcat-8.5.95/webapps/SpringBoot]에 대한 배치가 [469] 밀리초에 완료되었습니다.
27-Oct-2023 14:35:59.739 정보 [localhost-startStop-1] org.apache.catalina.startup.HostConfig.deployDirectory 웹 애플리케이션 디렉토리 [/Users/tomatocho/JSP/apache-tomcat-8.5.95/webapps/docs]을(를) 배치합니다.
27-Oct-2023 14:35:59.769 정보 [localhost-startStop-1] org.apache.catalina.startup.HostConfig.deployDirectory 웹 애플리케이션 디렉토리 [/Users/tomatocho/JSP/apache-tomcat-8.5.95/webapps/docs]에 대한 배치가 [29] 밀리초에 완료되었습니다.
27-Oct-2023 14:35:59.769 정보 [localhost-startStop-1] org.apache.catalina.startup.HostConfig.deployDirectory 웹 애플리케이션 디렉토리 [/Users/tomatocho/JSP/apache-tomcat-8.5.95/webapps/manager]을(를) 배치합니다.
27-Oct-2023 14:35:59.809 정보 [localhost-startStop-1] org.apache.catalina.startup.HostConfig.deployDirectory 웹 애플리케이션 디렉토리 [/Users/tomatocho/JSP/apache-tomcat-8.5.95/webapps/manager]에 대한 배치가 [40] 밀리초에 완료되었습니다.
27-Oct-2023 14:35:59.809 정보 [localhost-startStop-1] org.apache.catalina.startup.HostConfig.deployDirectory 웹 애플리케이션 디렉토리 [/Users/tomatocho/JSP/apache-tomcat-8.5.95/webapps/examples]을(를) 배치합니다.
27-Oct-2023 14:36:00.183 정보 [localhost-startStop-1] org.apache.catalina.startup.HostConfig.deployDirectory 웹 애플리케이션 디렉토리 [/Users/tomatocho/JSP/apache-tomcat-8.5.95/webapps/examples]에 대한 배치가 [374] 밀리초에 완료되었습니다.
27-Oct-2023 14:36:00.183 정보 [localhost-startStop-1] org.apache.catalina.startup.HostConfig.deployDirectory 웹 애플리케이션 디렉토리 [/Users/tomatocho/JSP/apache-tomcat-8.5.95/webapps/ROOT]을(를) 배치합니다.
27-Oct-2023 14:36:00.200 정보 [localhost-startStop-1] org.apache.catalina.startup.HostConfig.deployDirectory 웹 애플리케이션 디렉토리 [/Users/tomatocho/JSP/apache-tomcat-8.5.95/webapps/ROOT]에 대한 배치가 [17] 밀리초에 완료되었습니다.
27-Oct-2023 14:36:00.200 정보 [localhost-startStop-1] org.apache.catalina.startup.HostConfig.deployDirectory 웹 애플리케이션 디렉토리 [/Users/tomatocho/JSP/apache-tomcat-8.5.95/webapps/host-manager]을(를) 배치합니다.
27-Oct-2023 14:36:00.229 정보 [localhost-startStop-1] org.apache.catalina.startup.HostConfig.deployDirectory 웹 애플리케이션 디렉토리 [/Users/tomatocho/JSP/apache-tomcat-8.5.95/webapps/host-manager]에 대한 배치가 [28] 밀리초에 완료되었습니다.
27-Oct-2023 14:36:00.235 정보 [main] org.apache.coyote.AbstractProtocol.start 프로토콜 핸들러 ["http-nio-8080"]을(를) 시작합니다.
27-Oct-2023 14:36:00.260 정보 [main] org.apache.catalina.startup.Catalina.start Server startup in 1092 ms
27-Oct-2023 14:36:32.684 정보 [main] org.apache.catalina.core.StandardServer.await 셧다운 포트를 통해 유효한 셧다운 명령을 받았습니다. 서버 인스턴스를 중지시킵니다.
27-Oct-2023 14:36:32.685 정보 [main] org.apache.coyote.AbstractProtocol.pause 프로토콜 핸들러 ["http-nio-8080"]을(를) 일시 정지 중
27-Oct-2023 14:36:32.692 정보 [main] org.apache.catalina.core.StandardService.stopInternal 서비스 [Catalina]을(를) 중지시킵니다.
27-Oct-2023 14:36:32.733 정보 [main] org.apache.coyote.AbstractProtocol.stop 프로토콜 핸들러 ["http-nio-8080"]을(를) 중지시킵니다.
27-Oct-2023 14:36:32.741 정보 [main] org.apache.coyote.AbstractProtocol.destroy 프로토콜 핸들러 ["http-nio-8080"]을(를) 소멸시킵니다.
